<?xml version="1.0" encoding="UTF-8"?>
<!-- Generated by org.testng.reporters.JUnitReportReporter -->
<testsuite skipped="0" hostname="Ulans-MacBook-Pro.local" name="get.SimpleGet" tests="1" failures="0" timestamp="21 Sep 2017 00:07:56 GMT" time="1.162" errors="0">
  <testcase name="get" time="1.162" classname="get.SimpleGet"/>
</testsuite> <!-- get.SimpleGet -->
